2024-10-01 22:43:43 - System Initialization: Starting for 2448559 - yeswanth
2024-10-01 22:43:47 - System Integrity: Verified and Secure Handshake Established.
2024-10-01 22:43:50 - Communication Channel: Established with Monitoring Server.
2024-10-01 22:43:53 - Logging Activity: Step 1/5 completed.
2024-10-01 22:43:56 - Logging Activity: Step 2/5 completed.
2024-10-01 22:43:57 - Logging Activity: Step 3/5 completed.
2024-10-01 22:43:59 - Logging Activity: Step 4/5 completed.
2024-10-01 22:44:01 - Logging Activity: Step 5/5 completed.
2024-10-01 22:45:01 - Continuous Logging: Step 2/5 complete.
2024-10-01 22:46:01 - Continuous Logging: Step 3/5 complete.
2024-10-01 22:47:01 - Continuous Logging: Step 4/5 complete.
2024-10-01 22:48:01 - Continuous Logging: Step 5/5 complete.
2024-10-01 22:49:01 - Continuous Logging: Step 1/5 complete.
2024-10-01 22:50:01 - Continuous Logging: Step 2/5 complete.
2024-10-01 22:51:01 - Continuous Logging: Step 3/5 complete.
2024-10-01 22:52:01 - Continuous Logging: Step 4/5 complete.
2024-10-01 22:53:01 - Continuous Logging: Step 5/5 complete.
2024-10-01 22:54:01 - Continuous Logging: Step 1/5 complete.
2024-10-01 22:55:01 - Continuous Logging: Step 2/5 complete.
2024-10-01 22:56:01 - Continuous Logging: Step 3/5 complete.
2024-10-01 22:57:01 - Continuous Logging: Step 4/5 complete.
2024-10-01 22:58:01 - Continuous Logging: Step 5/5 complete.
2024-10-01 22:59:01 - Continuous Logging: Step 1/5 complete.
2024-10-01 23:00:01 - Continuous Logging: Step 2/5 complete.
2024-10-01 23:01:01 - Continuous Logging: Step 3/5 complete.
2024-10-01 23:02:01 - Continuous Logging: Step 4/5 complete.
2024-10-01 23:03:01 - Continuous Logging: Step 5/5 complete.
2024-10-01 23:04:01 - Continuous Logging: Step 1/5 complete.
2024-10-01 23:05:01 - Continuous Logging: Step 2/5 complete.
2024-10-01 23:06:01 - Continuous Logging: Step 3/5 complete.
2024-10-01 23:07:01 - Continuous Logging: Step 4/5 complete.
2024-10-01 23:08:01 - Continuous Logging: Step 5/5 complete.
2024-10-01 23:09:01 - Continuous Logging: Step 1/5 complete.
2024-10-01 23:10:01 - Continuous Logging: Step 2/5 complete.
2024-10-01 23:11:01 - Continuous Logging: Step 3/5 complete.
2024-10-01 23:12:01 - Continuous Logging: Step 4/5 complete.
2024-10-01 23:13:01 - Continuous Logging: Step 5/5 complete.
2024-10-01 23:14:01 - Continuous Logging: Step 1/5 complete.
2024-10-01 23:50:20 - Continuous Logging: Step 2/5 complete.
2024-10-01 23:51:20 - Continuous Logging: Step 3/5 complete.
